[2020-05-06 17:28:01 : INFO] - Re_Smush_It_Task with attachment ID : 574, autocreated on : May 06, 2020 05:28:00 
[2020-05-06 17:33:42 : INFO] - 
 
[2020-05-06 17:33:42 : INFO] - Header for logs at time:  Wed, 06 May 2020 17:33:42 +0000 on https://users.aber.ac.uk/ydw/dyfiwildlifecentre 
[2020-05-06 17:33:42 : INFO] - WP: 5.4 
[2020-05-06 17:33:42 : INFO] - PHP: 7.0.33-0+deb9u7 (cgi-fcgi, Linux users2.aber.ac.uk 4.9.0-12-amd64 #1 SMP Debian 4.9.210-1 (2020-01-20) x86_64) 
[2020-05-06 17:33:42 : INFO] - MySQL: 5.5.5 
[2020-05-06 17:33:42 : INFO] - WPLANG: en_GB 
[2020-05-06 17:33:42 : INFO] - Server: Apache/2.4.25 (Debian) 
[2020-05-06 17:33:42 : INFO] - Outbound connections: N 
[2020-05-06 17:33:42 : INFO] - safe_mode: 0 
[2020-05-06 17:33:42 : INFO] - max_execution_time: 60 
[2020-05-06 17:33:42 : INFO] - memory_limit: 128M (used: 16.7M | 20M) 
[2020-05-06 17:33:42 : INFO] - multisite: N 
[2020-05-06 17:33:42 : INFO] - openssl: OpenSSL 1.1.0l  10 Sep 2019 
[2020-05-06 17:33:42 : INFO] - A total of 1 tasks of type smush found and will be processed in this iteration 
[2020-05-06 17:33:42 : INFO] - Set semaphore last lock (smush) time to 2020-05-06 17:33:42 
[2020-05-06 17:33:42 : INFO] - Semaphore lock (smush) complete 
[2020-05-06 17:33:42 : INFO] - Processing task with ID : 17, and type 'smush' 
[2020-05-06 17:33:42 : INFO] - Re_Smush_It_Task with attachment ID : 574, autocreated on : May 06, 2020 05:28:00 
[2020-05-06 17:33:42 : INFO] - 96 
[2020-05-06 17:33:44 : INFO] - Backing up the original image - 2020/05/Picture1dyfi-updraft-pre-smush-original.png 
[2020-05-06 17:33:44 : INFO] - Successfully optimized the image - /berw/homes1/y/ydw/public_html/dyfiwildlifecentre/wp-content/uploads/2020/05/Picture1dyfi.png.The file was compressed from 162.50 KB to 49.41 KB saving 69.59 percent using WP-Optimize 
[2020-05-06 17:33:44 : INFO] - Completed processing task with ID : 17, and type 'smush' 
[2020-05-06 17:33:44 : INFO] - Decremented the semaphore (smush) by 1 
[2020-05-06 17:33:44 : INFO] - Semaphore (smush) unlocked 
[2020-05-06 17:33:44 : INFO] - Successfully processed the queue (smush). 1 tasks were processed out of 1. 
[2020-05-06 17:33:44 : INFO] - Semaphore (smush, wp_options) was successfully cleaned up 
[2020-05-06 17:33:44 : INFO] - Cleaning up tasks of type (smush). A total of 1 tasks will be deleted. 
[2020-05-06 17:45:41 : INFO] - 
 
[2020-05-06 17:45:41 : INFO] - Header for logs at time:  Wed, 06 May 2020 17:45:41 +0000 on https://users.aber.ac.uk/ydw/dyfiwildlifecentre 
[2020-05-06 17:45:41 : INFO] - WP: 5.4 
[2020-05-06 17:45:41 : INFO] - PHP: 7.0.33-0+deb9u7 (cgi-fcgi, Linux users2.aber.ac.uk 4.9.0-12-amd64 #1 SMP Debian 4.9.210-1 (2020-01-20) x86_64) 
[2020-05-06 17:45:41 : INFO] - MySQL: 5.5.5 
[2020-05-06 17:45:41 : INFO] - WPLANG: en_GB 
[2020-05-06 17:45:41 : INFO] - Server: Apache/2.4.25 (Debian) 
[2020-05-06 17:45:41 : INFO] - Outbound connections: N 
[2020-05-06 17:45:41 : INFO] - safe_mode: 0 
[2020-05-06 17:45:41 : INFO] - max_execution_time: 60 
[2020-05-06 17:45:41 : INFO] - memory_limit: 128M (used: 16.7M | 20M) 
[2020-05-06 17:45:41 : INFO] - multisite: N 
[2020-05-06 17:45:41 : INFO] - openssl: OpenSSL 1.1.0l  10 Sep 2019 
[2020-05-06 17:45:41 : INFO] - The queue for tasks of type "smush" is empty. Aborting! 
[2020-05-06 18:21:49 : INFO] - Could not find file for image: ID=446, file=/berw/homes1/y/ydw/public_html/dyfiwildlifecentre/wp-content/uploads/2020/04/bird-4489182_640lilil.png 
[2020-05-06 18:21:49 : INFO] - Could not find file for image: ID=213, file=/berw/homes1/y/ydw/public_html/dyfiwildlifecentre/wp-content/uploads/2020/04/bird-4489182_640lil.png 
[2020-05-06 18:21:49 : INFO] - Could not find file for image: ID=212, file=/berw/homes1/y/ydw/public_html/dyfiwildlifecentre/wp-content/uploads/2020/04/bird-4489182_640.png 
[2020-05-06 18:22:08 : INFO] - Could not find file for image: ID=446, file=/berw/homes1/y/ydw/public_html/dyfiwildlifecentre/wp-content/uploads/2020/04/bird-4489182_640lilil.png 
[2020-05-06 18:22:08 : INFO] - Could not find file for image: ID=213, file=/berw/homes1/y/ydw/public_html/dyfiwildlifecentre/wp-content/uploads/2020/04/bird-4489182_640lil.png 
[2020-05-06 18:22:08 : INFO] - Could not find file for image: ID=212, file=/berw/homes1/y/ydw/public_html/dyfiwildlifecentre/wp-content/uploads/2020/04/bird-4489182_640.png 
